<?xml version="1.0" encoding="UTF-8"?>
<robot generator="Robot 4.0.3 (Python 3.8.10 on linux)" generated="20220221 15:15:33.970" rpa="false" schemaversion="2">
<suite id="s1" name="Suite" source="/home/aline/Documentos/estudo/nuclone-appium-robot/suite.robot">
<test id="s1-t1" name="Ver meu saldo">
<kw name="Abrir App" library="base" type="SETUP">
<kw name="Open Application" library="AppiumLibrary">
<arg>http://localhost:4723/wd/hub</arg>
<arg>platformName=Android</arg>
<arg>deviceName=teste youtube</arg>
<arg>app=${EXECDIR}/app/nuclone.apk</arg>
<arg>udid=emulator-5556</arg>
<doc>Opens a new application to given Appium server.
Capabilities of appium server, Android and iOS,
Please check https://github.com/appium/appium/blob/master/docs/en/writing-running-appium/server-args.md
| *Option*            | *Man.* | *Description*     |
| remote_url          | Yes    | Appium server url |
| alias               | no     | alias             |</doc>
<status status="PASS" starttime="20220221 15:15:34.079" endtime="20220221 15:15:40.303"/>
</kw>
<kw name="Wait Until Element Is Visible" library="AppiumLibrary">
<arg>accessibility_id=card-hero</arg>
<arg>timeout=10</arg>
<doc>Waits until element specified with `locator` is visible.</doc>
<status status="PASS" starttime="20220221 15:15:40.305" endtime="20220221 15:15:41.934"/>
</kw>
<status status="PASS" starttime="20220221 15:15:34.079" endtime="20220221 15:15:41.934"/>
</kw>
<kw name="Mostra saldo" library="steps">
<kw name="Click Element" library="AppiumLibrary">
<arg>accessibility_id=show-balance</arg>
<doc>Click element identified by `locator`.</doc>
<msg timestamp="20220221 15:15:41.936" level="INFO">Clicking element 'accessibility_id=show-balance'.</msg>
<status status="PASS" starttime="20220221 15:15:41.934" endtime="20220221 15:15:42.054"/>
</kw>
<status status="PASS" starttime="20220221 15:15:41.934" endtime="20220221 15:15:42.055"/>
</kw>
<kw name="Meu saldo deve ser de" library="steps">
<arg>R$ 5.500,00</arg>
<kw name="Wait Until Element Is Visible" library="AppiumLibrary">
<arg>accessibility_id=user-balance</arg>
<arg>10</arg>
<doc>Waits until element specified with `locator` is visible.</doc>
<status status="PASS" starttime="20220221 15:15:42.058" endtime="20220221 15:15:42.833"/>
</kw>
<kw name="Element Text Should Be" library="AppiumLibrary">
<arg>accessibility_id=user-balance</arg>
<arg>${saldo}</arg>
<doc>Verifies element identified by ``locator`` exactly contains text ``expected``.</doc>
<msg timestamp="20220221 15:15:42.834" level="INFO">Verifying element 'accessibility_id=user-balance' contains exactly text 'R$ 5.500,00'.</msg>
<status status="PASS" starttime="20220221 15:15:42.833" endtime="20220221 15:15:43.115"/>
</kw>
<status status="PASS" starttime="20220221 15:15:42.056" endtime="20220221 15:15:43.116"/>
</kw>
<kw name="Fechar App" library="base" type="TEARDOWN">
<kw name="Capture Page Screenshot" library="AppiumLibrary">
<doc>Takes a screenshot of the current page and embeds it into the log.</doc>
<msg timestamp="20220221 15:15:43.482" level="INFO" html="true">&lt;/td&gt;&lt;/tr&gt;&lt;tr&gt;&lt;td colspan="3"&gt;&lt;a href="appium-screenshot-1.png"&gt;&lt;img src="appium-screenshot-1.png" width="800px"&gt;&lt;/a&gt;</msg>
<status status="PASS" starttime="20220221 15:15:43.117" endtime="20220221 15:15:43.482"/>
</kw>
<kw name="Close Application" library="AppiumLibrary">
<doc>Closes the current application and also close webdriver session.</doc>
<status status="PASS" starttime="20220221 15:15:43.483" endtime="20220221 15:15:43.862"/>
</kw>
<status status="PASS" starttime="20220221 15:15:43.116" endtime="20220221 15:15:43.863"/>
</kw>
<status status="PASS" starttime="20220221 15:15:34.078" endtime="20220221 15:15:43.863"/>
</test>
<status status="PASS" starttime="20220221 15:15:33.972" endtime="20220221 15:15:43.864"/>
</suite>
<statistics>
<total>
<stat pass="1" fail="0" skip="0">All Tests</stat>
</total>
<tag>
</tag>
<suite>
<stat pass="1" fail="0" skip="0" id="s1" name="Suite">Suite</stat>
</suite>
</statistics>
<errors>
</errors>
</robot>
